Log file open, 05/28/16 19:14:02
LogInit:Display: Running engine for game: BossFight
LogPlatformFile: Not using cached read wrapper
LogInit:Display: RandInit(2001878951) SRandInit(2001878952).
LogTaskGraph: Started task graph with 4 named threads and 7 total threads.
LogStats: Stats thread started at 0.073225
LogInit: Version: 4.11.2-2946394+++UE4+Release-4.11
LogInit: API Version: 2927265
LogInit: Compiled (64-bit): Apr 18 2016 02:18:46
LogInit: Compiled with Visual C++: 19.00.23026.00
LogInit: Build Configuration: Development
LogInit: Branch Name: ++UE4+Release-4.11
LogInit: Command line: -EpicPortal 
LogInit: Base directory: E:/Program Files/Epic Games/4.11/Engine/Binaries/Win64/
LogInit: Installed Engine Build: 1
LogInit: Using libcurl 7.41.0
LogInit:  - built for x86_64-pc-win32
LogInit:  - supports SSL with WinSSL
LogInit:  - other features:
LogInit:      CURL_VERSION_SSL
LogInit:      CURL_VERSION_IPV6
LogInit:      CURL_VERSION_ASYNCHDNS
LogInit:      CURL_VERSION_LARGEFILE
LogInit:      CURL_VERSION_IDN
LogInit:  CurlRequestOptions (configurable via config and command line):
LogInit:  - bVerifyPeer = true  - Libcurl will verify peer certificate
LogInit:  - bUseHttpProxy = false  - Libcurl will NOT use HTTP proxy
LogInit:  - bDontReuseConnections = false  - Libcurl will reuse connections
LogInit:  - CertBundlePath = nullptr  - Libcurl will use whatever was configured at build time.
LogInit: Presizing for max 16777216 objects, including 0 objects not considered by GC, pre-allocating 0 bytes for permanent pool.
LogInit: Object subsystem initialized
[2016.05.28-16.14.02:511][  0]LogInit: Selected Device Profile: [Windows]
[2016.05.28-16.14.02:511][  0]LogInit: Applying CVar settings loaded from the selected device profile: [Windows]
[2016.05.28-16.14.02:516][  0]LogInit: Computer: HIKI911-PC
[2016.05.28-16.14.02:516][  0]LogInit: User: hiki911
[2016.05.28-16.14.02:516][  0]LogInit: CPU Page size=65536, Cores=4
[2016.05.28-16.14.02:516][  0]LogInit: High frequency timer resolution =3.320320 MHz
[2016.05.28-16.14.02:517][  0]LogMemory: Memory total: Physical=15.9GB (16GB approx)
[2016.05.28-16.14.02:517][  0]LogMemory: Platform Memory Stats for Windows
[2016.05.28-16.14.02:517][  0]LogMemory: Process Physical Memory: 312.41 MB used, 312.41 MB peak
[2016.05.28-16.14.02:517][  0]LogMemory: Process Virtual Memory: 315.69 MB used, 315.69 MB peak
[2016.05.28-16.14.02:517][  0]LogMemory: Physical Memory: 6947.03 MB used, 16327.94 MB total
[2016.05.28-16.14.02:517][  0]LogMemory: Virtual Memory: 652.67 MB used, 134217728.00 MB total
[2016.05.28-16.14.02:545][  0]LogTextLocalizationManager: No translations for ('ru-RU') exist, falling back to 'en' for localization and internationalization data.
[2016.05.28-16.14.02:912][  0]LogD3D11RHI: D3D11 adapters:
[2016.05.28-16.14.02:931][  0]LogD3D11RHI:    0. 'NVIDIA GeForce GTX 670' (Feature Level 11_0)
[2016.05.28-16.14.02:931][  0]LogD3D11RHI:       1989MB of dedicated video memory, 0MB of dedicated system memory, and 8163MB of shared system memory, 1 output[s]
[2016.05.28-16.14.02:932][  0]LogD3D11RHI:    1. 'Microsoft Basic Render Driver' (Feature Level 11_0)
[2016.05.28-16.14.02:932][  0]LogD3D11RHI:       0MB of dedicated video memory, 0MB of dedicated system memory, and 8163MB of shared system memory, 0 output[s]
[2016.05.28-16.14.02:932][  0]LogD3D11RHI: Chosen D3D11 Adapter: 0
[2016.05.28-16.14.02:936][  0]LogD3D11RHI: Creating new Direct3DDevice
[2016.05.28-16.14.02:936][  0]LogD3D11RHI:     Adapter Name: NVIDIA GeForce GTX 670
[2016.05.28-16.14.02:936][  0]LogD3D11RHI:   Driver Version: 10.18.13.6822 (internal 10.18.13.6822)
[2016.05.28-16.14.02:936][  0]LogD3D11RHI:      Driver Date: 5-19-2016
[2016.05.28-16.14.02:936][  0]LogRHI: Texture pool is 1361 MB (70% of 1945 MB)
[2016.05.28-16.14.02:947][  0]LogD3D11RHI: Async texture creation enabled
[2016.05.28-16.14.02:956][  0]LogShaderCompilers: Guid format shader working directory is -17 characters bigger than the processId version (../../../../../../Projects/Unreal/RepoForGamePrototypes/BossFight/Intermediate/Shaders/WorkingDirectory/9560/).
[2016.05.28-16.14.02:956][  0]LogShaderCompilers: Cleaned the shader compiler working directory 'C:/Users/hiki911/AppData/Local/Temp/UnrealShaderWorkingDir/5D51AA954CB16840211D8D9618245D5D/'.
[2016.05.28-16.14.02:956][  0]LogShaderCompilers:Display: Using Local Shader Compiler.
[2016.05.28-16.14.03:798][  0]LogTemp:Display: Loaded TP AllDesktopTargetPlatform
[2016.05.28-16.14.03:804][  0]LogTemp:Display: Loaded TP WindowsClientTargetPlatform
[2016.05.28-16.14.03:808][  0]LogTemp:Display: Loaded TP WindowsNoEditorTargetPlatform
[2016.05.28-16.14.03:813][  0]LogTemp:Display: Loaded TP WindowsServerTargetPlatform
[2016.05.28-16.14.03:818][  0]LogTemp:Display: Loaded TP WindowsTargetPlatform
[2016.05.28-16.14.03:821][  0]LogTemp:Display: Loaded TP AndroidTargetPlatform
[2016.05.28-16.14.03:823][  0]LogTemp:Display: Loaded TP Android_ASTCTargetPlatform
[2016.05.28-16.14.03:828][  0]LogTemp:Display: Loaded TP Android_ATCTargetPlatform
[2016.05.28-16.14.03:831][  0]LogTemp:Display: Loaded TP Android_DXTTargetPlatform
[2016.05.28-16.14.03:833][  0]LogTemp:Display: Loaded TP Android_ETC1TargetPlatform
[2016.05.28-16.14.03:836][  0]LogTemp:Display: Loaded TP Android_ETC2TargetPlatform
[2016.05.28-16.14.03:842][  0]LogTemp:Display: Loaded TP Android_MultiTargetPlatform
[2016.05.28-16.14.03:842][  0]LogTemp:Display: Loaded TP Android_PVRTCTargetPlatform
[2016.05.28-16.14.03:843][  0]LogTemp:Display: Loaded TP HTML5TargetPlatform
[2016.05.28-16.14.03:860][  0]LogTemp:Display: Loaded TP IOSTargetPlatform
[2016.05.28-16.14.03:862][  0]LogTemp:Display: Loaded TP TVOSTargetPlatform
[2016.05.28-16.14.03:865][  0]LogTemp:Display: Loaded TP LinuxNoEditorTargetPlatform
[2016.05.28-16.14.03:867][  0]LogTemp:Display: Loaded TP LinuxServerTargetPlatform
[2016.05.28-16.14.03:869][  0]LogTemp:Display: Loaded TP LinuxTargetPlatform
[2016.05.28-16.14.03:869][  0]LogTargetPlatformManager:Display: Building Assets For Windows
[2016.05.28-16.14.03:947][  0]LogDerivedDataCache:Display: Max Cache Size: 512 MB
[2016.05.28-16.14.03:991][  0]LogDerivedDataCache: Loaded boot cache 0.04s 46MB C:/Users/hiki911/AppData/Local/UnrealEngine/4.11/DerivedDataCache/Boot.ddc.
[2016.05.28-16.14.03:991][  0]LogDerivedDataCache:Display: Loaded Boot cache: C:/Users/hiki911/AppData/Local/UnrealEngine/4.11/DerivedDataCache/Boot.ddc
[2016.05.28-16.14.03:991][  0]LogDerivedDataCache: FDerivedDataBackendGraph:  Pak pak cache file ../../../../../../Projects/Unreal/RepoForGamePrototypes/BossFight/DerivedDataCache/DDC.ddp not found, will not use a pak cache.
[2016.05.28-16.14.03:991][  0]LogDerivedDataCache: Unable to find inner node Pak for hierarchical cache Hierarchy.
[2016.05.28-16.14.03:991][  0]LogDerivedDataCache: FDerivedDataBackendGraph:  CompressedPak pak cache file ../../../../../../Projects/Unreal/RepoForGamePrototypes/BossFight/DerivedDataCache/Compressed.ddp not found, will not use a pak cache.
[2016.05.28-16.14.03:991][  0]LogDerivedDataCache: Unable to find inner node CompressedPak for hierarchical cache Hierarchy.
[2016.05.28-16.14.04:004][  0]LogDerivedDataCache:Display: Pak cache opened for reading ../../../Engine/DerivedDataCache/Compressed.ddp.
[2016.05.28-16.14.04:016][  0]LogDerivedDataCache: Using Local data cache path C:/Users/hiki911/AppData/Local/UnrealEngine/Common/DerivedDataCache: Writable
[2016.05.28-16.14.04:152][  0]LogInit: Selected Device Profile: [Windows]
[2016.05.28-16.14.04:152][  0]LogContentStreaming: Texture pool size is 0.00 MB
[2016.05.28-16.14.04:179][  0]LogMaterial: Uniform references updated for custom material expression Custom.
[2016.05.28-16.14.04:290][  0]LogMeshUtilities: No automatic mesh reduction module available
[2016.05.28-16.14.04:290][  0]LogMeshUtilities: No automatic mesh merging module available
[2016.05.28-16.14.04:290][  0]LogMeshUtilities: No distributed automatic mesh merging module available
[2016.05.28-16.14.04:487][  0]LogUObjectArray: 27679 objects as part of root set at end of initial load.
[2016.05.28-16.14.04:487][  0]LogUObjectAllocator: 5591592 out of 0 bytes used by permanent object pool.
[2016.05.28-16.14.04:487][  0]LogUObjectArray: CloseDisregardForGC: 0/0 objects in disregard for GC pool
[2016.05.28-16.14.04:495][  0]LogInit: WinSock: version 1.1 (2.2), MaxSocks=32767, MaxUdp=65467
[2016.05.28-16.14.04:578][  0]LogSlate: SlateFontCache - WITH_FREETYPE: 1, WITH_HARFBUZZ: 1
[2016.05.28-16.14.04:578][  0]LogSlate: SlateFontCache - WITH_FREETYPE: 1, WITH_HARFBUZZ: 1
[2016.05.28-16.14.04:660][  0]LogStreaming:Warning: Failed to read file '../../../Engine/Content/Editor/Slate/Common/Selection_16x.png' error.
[2016.05.28-16.14.04:660][  0]LogSlate: Could not find file for Slate resource: ../../../Engine/Content/Editor/Slate/Common/Selection_16x.png
[2016.05.28-16.14.04:660][  0]LogStreaming:Warning: Failed to read file '../../../Engine/Content/Editor/Slate/Common/Selection_16x.png' error.
[2016.05.28-16.14.04:660][  0]LogSlate: Could not find file for Slate resource: ../../../Engine/Content/Editor/Slate/Common/Selection_16x.png
[2016.05.28-16.14.04:660][  0]LogStreaming:Warning: Failed to read file '../../../Engine/Content/Editor/Slate/Common/Selection_16x.png' error.
[2016.05.28-16.14.04:660][  0]LogSlate: Could not find file for Slate resource: ../../../Engine/Content/Editor/Slate/Common/Selection_16x.png
[2016.05.28-16.14.05:166][  0]LogUdpMessaging: Initializing bridge on interface 0.0.0.0:0 to multicast group 230.0.0.1:6666.
[2016.05.28-16.14.05:265][  0]LogAssetRegistry: FAssetRegistry took 0.0211 seconds to start up
[2016.05.28-16.14.05:390][  0]SourceControl: Info Source control is disabled
[2016.05.28-16.14.05:391][  0]SourceControl: Info Source control is disabled
[2016.05.28-16.14.05:398][  0]SourceControl: Info Source control is disabled
[2016.05.28-16.14.05:407][  0]SourceControl: Info Source control is disabled
[2016.05.28-16.14.05:547][  0]LogHMD: Failed to initialize OpenVR with code 110
[2016.05.28-16.14.05:612][  0]LogEngine: Initializing Engine...
[2016.05.28-16.14.05:741][  0]LogAIModule: Creating AISystem for world NewWorld
[2016.05.28-16.14.05:754][  0]LogInit: XAudio2 using 'Наушники (Устройство с поддержкой High Definition Audio)' : 2 channels at 44.1 kHz using 16 bits per sample (channel mask 0x3)
[2016.05.28-16.14.05:763][  0]LogInit: FAudioDevice initialized.
[2016.05.28-16.14.05:783][  0]LogDerivedDataCache: Saved boot cache 0.02s 46MB C:/Users/hiki911/AppData/Local/UnrealEngine/4.11/DerivedDataCache/Boot.ddc.
[2016.05.28-16.14.05:786][  0]LogInit: Texture streaming: Enabled
[2016.05.28-16.14.05:809][  0]LogInit: Transaction tracking system initialized
[2016.05.28-16.14.05:833][  0]BlueprintLog: New page: Editor Load
[2016.05.28-16.14.05:899][  0]LogInit:Warning: CVar named 'r.MobileHDR' marked up in RendererSettings was not found or is set to read-only
[2016.05.28-16.14.06:175][  0]LocalizationService: Info Localization service is disabled
[2016.05.28-16.14.06:274][  0]LogConsoleResponse:Display: 
[2016.05.28-16.14.06:356][  0]LogCook:Display: Max memory allowance for cook 8192mb
[2016.05.28-16.14.06:356][  0]LogCook:Display: Mobile HDR setting 0
[2016.05.28-16.14.06:356][  0]LogCook:Display: Done creating registry. It took  0.00s.
[2016.05.28-16.14.06:408][  0]LogFileCache: Scanning file cache for directory 'E:/Projects/Unreal/RepoForGamePrototypes/BossFight/Content/' took 0.01s
[2016.05.28-16.14.06:408][  0]SourceControl: Info Source control is disabled
[2016.05.28-16.14.06:408][  0]Cmd: MAP LOAD FILE="../../../../../../Projects/Unreal/RepoForGamePrototypes/BossFight/Content/2DSideScrollerBP/Maps/2DSideScrollerExampleMap.umap" TEMPLATE=0 SHOWPROGRESS=1 FEATURELEVEL=3
[2016.05.28-16.14.06:409][  0]LightingResults: New page: Lighting Build
[2016.05.28-16.14.06:411][  0]MapCheck: New page: Map Check
[2016.05.28-16.14.06:411][  0]LightingResults: New page: Lighting Build
[2016.05.28-16.14.06:554][  0]LogAIModule: Creating AISystem for world 2DSideScrollerExampleMap
[2016.05.28-16.14.06:557][  0]LogEditorServer: Fi